<?xml version="1.0" encoding="UTF-8"?>
<!-- Generated by org.testng.reporters.JUnitXMLReporter -->
<testsuite hostname="LAPTOP-7T2N0Q1Q" ignored="0" name="Test" tests="3" failures="0" timestamp="28 Feb 2019 03:26:44 GMT" time="29.793" errors="0">
  <testcase name="verifyLinkTextLoginPage" time="0.056" classname="com.testcases.LoginPageTest"/>
  <testcase name="verifyLoginPageTitleText" time="0.007" classname="com.testcases.LoginPageTest"/>
  <testcase name="verifyPageTextLoginPage" time="0.056" classname="com.testcases.LoginPageTest"/>
</testsuite> <!-- Test -->
