<?xml version="1.0" encoding="UTF-8"?>
<!-- Generated by org.testng.reporters.JUnitXMLReporter -->
<testsuite hostname="LAPTOP-7T2N0Q1Q" ignored="0" name="Command line test" tests="3" failures="0" timestamp="28 Feb 2019 18:19:41 GMT" time="28.921" errors="0">
  <testcase name="verifyLinkTextLoginPage" time="0.039" classname="com.testcases.LoginPageTest"/>
  <testcase name="verifyLoginPageTitleText" time="0.004" classname="com.testcases.LoginPageTest"/>
  <testcase name="verifyPageTextLoginPage" time="0.032" classname="com.testcases.LoginPageTest"/>
</testsuite> <!-- Command line test -->
