<?xml version="1.0" encoding="UTF-8"?>
<testng-results skipped="0" failed="0" ignored="0" total="3" passed="3">
  <reporter-output>
  </reporter-output>
  <suite name="com.testcases.LoginPageTest" duration-ms="28921" started-at="2019-02-28T18:19:12Z" finished-at="2019-02-28T18:19:41Z">
    <groups>
    </groups>
    <test name="Command line test" duration-ms="28921" started-at="2019-02-28T18:19:12Z" finished-at="2019-02-28T18:19:41Z">
      <class name="com.testcases.LoginPageTest">
        <test-method status="PASS" signature="appLaunch()[pri:0, instance:com.testcases.LoginPageTest@5ebec15]" name="appLaunch" is-config="true" duration-ms="9883" started-at="2019-02-28T23:49:12Z" finished-at="2019-02-28T23:49:22Z">
          <reporter-output>
          </reporter-output>
        </test-method> <!-- appLaunch -->
        <test-method status="PASS" signature="verifyLinkTextLoginPage()[pri:0, instance:com.testcases.LoginPageTest@5ebec15]" name="verifyLinkTextLoginPage" duration-ms="39" started-at="2019-02-28T23:49:22Z" finished-at="2019-02-28T23:49:22Z">
          <reporter-output>
          </reporter-output>
        </test-method> <!-- verifyLinkTextLoginPage -->
        <test-method status="PASS" signature="appQuit()[pri:0, instance:com.testcases.LoginPageTest@5ebec15]" name="appQuit" is-config="true" duration-ms="606" started-at="2019-02-28T23:49:22Z" finished-at="2019-02-28T23:49:22Z">
          <reporter-output>
          </reporter-output>
        </test-method> <!-- appQuit -->
        <test-method status="PASS" signature="appLaunch()[pri:0, instance:com.testcases.LoginPageTest@5ebec15]" name="appLaunch" is-config="true" duration-ms="8589" started-at="2019-02-28T23:49:22Z" finished-at="2019-02-28T23:49:31Z">
          <reporter-output>
          </reporter-output>
        </test-method> <!-- appLaunch -->
        <test-method status="PASS" signature="verifyLoginPageTitleText()[pri:0, instance:com.testcases.LoginPageTest@5ebec15]" name="verifyLoginPageTitleText" duration-ms="4" started-at="2019-02-28T23:49:31Z" finished-at="2019-02-28T23:49:31Z">
          <reporter-output>
          </reporter-output>
        </test-method> <!-- verifyLoginPageTitleText -->
        <test-method status="PASS" signature="appQuit()[pri:0, instance:com.testcases.LoginPageTest@5ebec15]" name="appQuit" is-config="true" duration-ms="598" started-at="2019-02-28T23:49:31Z" finished-at="2019-02-28T23:49:32Z">
          <reporter-output>
          </reporter-output>
        </test-method> <!-- appQuit -->
        <test-method status="PASS" signature="appLaunch()[pri:0, instance:com.testcases.LoginPageTest@5ebec15]" name="appLaunch" is-config="true" duration-ms="8537" started-at="2019-02-28T23:49:32Z" finished-at="2019-02-28T23:49:40Z">
          <reporter-output>
          </reporter-output>
        </test-method> <!-- appLaunch -->
        <test-method status="PASS" signature="verifyPageTextLoginPage()[pri:0, instance:com.testcases.LoginPageTest@5ebec15]" name="verifyPageTextLoginPage" duration-ms="32" started-at="2019-02-28T23:49:40Z" finished-at="2019-02-28T23:49:40Z">
          <reporter-output>
          </reporter-output>
        </test-method> <!-- verifyPageTextLoginPage -->
        <test-method status="PASS" signature="appQuit()[pri:0, instance:com.testcases.LoginPageTest@5ebec15]" name="appQuit" is-config="true" duration-ms="602" started-at="2019-02-28T23:49:40Z" finished-at="2019-02-28T23:49:41Z">
          <reporter-output>
          </reporter-output>
        </test-method> <!-- appQuit -->
      </class> <!-- com.testcases.LoginPageTest -->
    </test> <!-- Command line test -->
  </suite> <!-- com.testcases.LoginPageTest -->
</testng-results>
