<?xml version="1.0" encoding="UTF-8"?>
<testng-results skipped="0" failed="0" ignored="0" total="3" passed="3">
  <reporter-output>
  </reporter-output>
  <suite name="Suite" duration-ms="29793" started-at="2019-02-28T03:26:14Z" finished-at="2019-02-28T03:26:44Z">
    <groups>
    </groups>
    <test name="Test" duration-ms="29793" started-at="2019-02-28T03:26:14Z" finished-at="2019-02-28T03:26:44Z">
      <class name="com.testcases.LoginPageTest">
        <test-method status="PASS" signature="appLaunch()[pri:0, instance:com.testcases.LoginPageTest@5e5792a0]" name="appLaunch" is-config="true" duration-ms="10216" started-at="2019-02-28T08:56:14Z" finished-at="2019-02-28T08:56:24Z">
          <reporter-output>
          </reporter-output>
        </test-method> <!-- appLaunch -->
        <test-method status="PASS" signature="verifyLinkTextLoginPage()[pri:0, instance:com.testcases.LoginPageTest@5e5792a0]" name="verifyLinkTextLoginPage" duration-ms="56" started-at="2019-02-28T08:56:24Z" finished-at="2019-02-28T08:56:24Z">
          <reporter-output>
          </reporter-output>
        </test-method> <!-- verifyLinkTextLoginPage -->
        <test-method status="PASS" signature="appQuit()[pri:0, instance:com.testcases.LoginPageTest@5e5792a0]" name="appQuit" is-config="true" duration-ms="650" started-at="2019-02-28T08:56:24Z" finished-at="2019-02-28T08:56:25Z">
          <reporter-output>
          </reporter-output>
        </test-method> <!-- appQuit -->
        <test-method status="PASS" signature="appLaunch()[pri:0, instance:com.testcases.LoginPageTest@5e5792a0]" name="appLaunch" is-config="true" duration-ms="8787" started-at="2019-02-28T08:56:25Z" finished-at="2019-02-28T08:56:34Z">
          <reporter-output>
          </reporter-output>
        </test-method> <!-- appLaunch -->
        <test-method status="PASS" signature="verifyLoginPageTitleText()[pri:0, instance:com.testcases.LoginPageTest@5e5792a0]" name="verifyLoginPageTitleText" duration-ms="7" started-at="2019-02-28T08:56:34Z" finished-at="2019-02-28T08:56:34Z">
          <reporter-output>
          </reporter-output>
        </test-method> <!-- verifyLoginPageTitleText -->
        <test-method status="PASS" signature="appQuit()[pri:0, instance:com.testcases.LoginPageTest@5e5792a0]" name="appQuit" is-config="true" duration-ms="664" started-at="2019-02-28T08:56:34Z" finished-at="2019-02-28T08:56:34Z">
          <reporter-output>
          </reporter-output>
        </test-method> <!-- appQuit -->
        <test-method status="PASS" signature="appLaunch()[pri:0, instance:com.testcases.LoginPageTest@5e5792a0]" name="appLaunch" is-config="true" duration-ms="8682" started-at="2019-02-28T08:56:34Z" finished-at="2019-02-28T08:56:43Z">
          <reporter-output>
          </reporter-output>
        </test-method> <!-- appLaunch -->
        <test-method status="PASS" signature="verifyPageTextLoginPage()[pri:0, instance:com.testcases.LoginPageTest@5e5792a0]" name="verifyPageTextLoginPage" duration-ms="56" started-at="2019-02-28T08:56:43Z" finished-at="2019-02-28T08:56:43Z">
          <reporter-output>
          </reporter-output>
        </test-method> <!-- verifyPageTextLoginPage -->
        <test-method status="PASS" signature="appQuit()[pri:0, instance:com.testcases.LoginPageTest@5e5792a0]" name="appQuit" is-config="true" duration-ms="651" started-at="2019-02-28T08:56:43Z" finished-at="2019-02-28T08:56:44Z">
          <reporter-output>
          </reporter-output>
        </test-method> <!-- appQuit -->
      </class> <!-- com.testcases.LoginPageTest -->
    </test> <!-- Test -->
  </suite> <!-- Suite -->
</testng-results>
